<?xml version="1.0" encoding="UTF-8"?>
<testng-results ignored="0" total="1" passed="1" failed="0" skipped="0">
  <reporter-output>
  </reporter-output>
  <suite started-at="2026-06-25T20:46:04 IST" name="Default suite" finished-at="2026-06-25T20:46:34 IST" duration-ms="30448">
    <groups>
    </groups>
    <test started-at="2026-06-25T20:46:04 IST" name="Default test" finished-at="2026-06-25T20:46:34 IST" duration-ms="30448">
      <class name="PlayBaseclassTest">
        <test-method signature="launchBrowser()[pri:0, instance:PlayBaseclassTest@436813f3]" started-at="2026-06-25T20:46:04 IST" name="launchBrowser" finished-at="2026-06-25T20:46:34 IST" duration-ms="30341" status="PASS">
          <reporter-output>
          </reporter-output>
        </test-method> <!-- launchBrowser -->
      </class> <!-- PlayBaseclassTest -->
    </test> <!-- Default test -->
  </suite> <!-- Default suite -->
</testng-results>
