<?xml version="1.0" encoding="UTF-8"?>
<testng-results ignored="0" total="1" passed="1" failed="0" skipped="0">
  <reporter-output>
  </reporter-output>
  <suite started-at="2026-06-24T18:17:53 IST" name="Default suite" finished-at="2026-06-24T18:18:33 IST" duration-ms="39397">
    <groups>
    </groups>
    <test started-at="2026-06-24T18:17:53 IST" name="Default test" finished-at="2026-06-24T18:18:33 IST" duration-ms="39397">
      <class name="PlayBaseclass">
        <test-method signature="launchBrowser()[pri:0, instance:PlayBaseclass@223d2c72]" started-at="2026-06-24T18:17:53 IST" name="launchBrowser" finished-at="2026-06-24T18:18:33 IST" duration-ms="39292" status="PASS">
          <reporter-output>
          </reporter-output>
        </test-method> <!-- launchBrowser -->
      </class> <!-- PlayBaseclass -->
    </test> <!-- Default test -->
  </suite> <!-- Default suite -->
</testng-results>
